<?xml version="1.0" encoding="UTF-8"?>
<!-- Generated by org.testng.reporters.JUnitReportReporter -->
<testsuite skipped="0" hostname="dhcppc2" name="myproject.test1" tests="1" failures="0" timestamp="04 Aug 2019 14:22:57 GMT" time="9.291" errors="0">
  <testcase name="thetest" time="9.291" classname="myproject.test1"/>
</testsuite> <!-- myproject.test1 -->
